<?xml version="1.0" encoding="UTF-8"?>
<coverage generated="1777681648850" clover="3.2.0">
  <project timestamp="1777681648850" name="All files">
    <metrics statements="19" coveredstatements="15" conditionals="28" coveredconditionals="24" methods="1" coveredmethods="1" elements="48" coveredelements="40" complexity="0" loc="19" ncloc="19" packages="1" files="1" classes="1"/>
    <file name="validateGadget.js" path="C:\Users\ebada\Downloads\INSY7314_LU_Code_Pack (2)\INSY7314_LU_Code_Pack\LU5_Testing_Quality_Assurance_and_Containerisation\secure-mern-app\api\utils\validateGadget.js">
      <metrics statements="19" coveredstatements="15" conditionals="28" coveredconditionals="24" methods="1" coveredmethods="1"/>
      <line num="1" count="1" type="stmt"/>
      <line num="3" count="1" type="stmt"/>
      <line num="4" count="4" type="cond" truecount="1" falsecount="1"/>
      <line num="5" count="0" type="stmt"/>
      <line num="8" count="4" type="stmt"/>
      <line num="10" count="4" type="cond" truecount="6" falsecount="0"/>
      <line num="11" count="1" type="stmt"/>
      <line num="14" count="3" type="cond" truecount="2" falsecount="0"/>
      <line num="20" count="1" type="stmt"/>
      <line num="23" count="2" type="cond" truecount="3" falsecount="1"/>
      <line num="24" count="0" type="stmt"/>
      <line num="26" count="2" type="cond" truecount="3" falsecount="1"/>
      <line num="27" count="0" type="stmt"/>
      <line num="29" count="2" type="cond" truecount="2" falsecount="0"/>
      <line num="30" count="1" type="stmt"/>
      <line num="32" count="1" type="cond" truecount="3" falsecount="1"/>
      <line num="33" count="0" type="stmt"/>
      <line num="36" count="1" type="stmt"/>
      <line num="39" count="1" type="stmt"/>
    </file>
  </project>
</coverage>
