{"C:\\Users\\ebada\\Downloads\\INSY7314_LU_Code_Pack (2)\\INSY7314_LU_Code_Pack\\LU5_Testing_Quality_Assurance_and_Containerisation\\secure-mern-app\\api\\utils\\validateGadget.js": {"path":"C:\\Users\\ebada\\Downloads\\INSY7314_LU_Code_Pack (2)\\INSY7314_LU_Code_Pack\\LU5_Testing_Quality_Assurance_and_Containerisation\\secure-mern-app\\api\\utils\\validateGadget.js","statementMap":{"0":{"start":{"line":1,"column":26},"end":{"line":1,"column":56}},"1":{"start":{"line":3,"column":23},"end":{"line":37,"column":1}},"2":{"start":{"line":4,"column":2},"end":{"line":6,"column":3}},"3":{"start":{"line":5,"column":4},"end":{"line":5,"column":31}},"4":{"start":{"line":8,"column":53},"end":{"line":8,"column":58}},"5":{"start":{"line":10,"column":2},"end":{"line":12,"column":3}},"6":{"start":{"line":11,"column":4},"end":{"line":11,"column":37}},"7":{"start":{"line":14,"column":2},"end":{"line":21,"column":3}},"8":{"start":{"line":20,"column":4},"end":{"line":20,"column":44}},"9":{"start":{"line":23,"column":2},"end":{"line":25,"column":3}},"10":{"start":{"line":24,"column":4},"end":{"line":24,"column":54}},"11":{"start":{"line":26,"column":2},"end":{"line":28,"column":3}},"12":{"start":{"line":27,"column":4},"end":{"line":27,"column":58}},"13":{"start":{"line":29,"column":2},"end":{"line":31,"column":3}},"14":{"start":{"line":30,"column":4},"end":{"line":30,"column":57}},"15":{"start":{"line":32,"column":2},"end":{"line":34,"column":3}},"16":{"start":{"line":33,"column":4},"end":{"line":33,"column":62}},"17":{"start":{"line":36,"column":2},"end":{"line":36,"column":12}},"18":{"start":{"line":39,"column":0},"end":{"line":39,"column":32}}},"fnMap":{"0":{"name":"(anonymous_0)","decl":{"start":{"line":3,"column":23},"end":{"line":3,"column":24}},"loc":{"start":{"line":3,"column":34},"end":{"line":37,"column":1}},"line":3}},"branchMap":{"0":{"loc":{"start":{"line":4,"column":2},"end":{"line":6,"column":3}},"type":"if","locations":[{"start":{"line":4,"column":2},"end":{"line":6,"column":3}},{"start":{},"end":{}}],"line":4},"1":{"loc":{"start":{"line":10,"column":2},"end":{"line":12,"column":3}},"type":"if","locations":[{"start":{"line":10,"column":2},"end":{"line":12,"column":3}},{"start":{},"end":{}}],"line":10},"2":{"loc":{"start":{"line":10,"column":6},"end":{"line":10,"column":54}},"type":"binary-expr","locations":[{"start":{"line":10,"column":6},"end":{"line":10,"column":11}},{"start":{"line":10,"column":15},"end":{"line":10,"column":24}},{"start":{"line":10,"column":28},"end":{"line":10,"column":38}},{"start":{"line":10,"column":42},"end":{"line":10,"column":54}}],"line":10},"3":{"loc":{"start":{"line":14,"column":2},"end":{"line":21,"column":3}},"type":"if","locations":[{"start":{"line":14,"column":2},"end":{"line":21,"column":3}},{"start":{},"end":{}}],"line":14},"4":{"loc":{"start":{"line":15,"column":4},"end":{"line":18,"column":35}},"type":"binary-expr","locations":[{"start":{"line":15,"column":4},"end":{"line":15,"column":28}},{"start":{"line":16,"column":4},"end":{"line":16,"column":32}},{"start":{"line":17,"column":4},"end":{"line":17,"column":33}},{"start":{"line":18,"column":4},"end":{"line":18,"column":35}}],"line":15},"5":{"loc":{"start":{"line":23,"column":2},"end":{"line":25,"column":3}},"type":"if","locations":[{"start":{"line":23,"column":2},"end":{"line":25,"column":3}},{"start":{},"end":{}}],"line":23},"6":{"loc":{"start":{"line":23,"column":6},"end":{"line":23,"column":55}},"type":"binary-expr","locations":[{"start":{"line":23,"column":6},"end":{"line":23,"column":28}},{"start":{"line":23,"column":32},"end":{"line":23,"column":55}}],"line":23},"7":{"loc":{"start":{"line":26,"column":2},"end":{"line":28,"column":3}},"type":"if","locations":[{"start":{"line":26,"column":2},"end":{"line":28,"column":3}},{"start":{},"end":{}}],"line":26},"8":{"loc":{"start":{"line":26,"column":6},"end":{"line":26,"column":63}},"type":"binary-expr","locations":[{"start":{"line":26,"column":6},"end":{"line":26,"column":32}},{"start":{"line":26,"column":36},"end":{"line":26,"column":63}}],"line":26},"9":{"loc":{"start":{"line":29,"column":2},"end":{"line":31,"column":3}},"type":"if","locations":[{"start":{"line":29,"column":2},"end":{"line":31,"column":3}},{"start":{},"end":{}}],"line":29},"10":{"loc":{"start":{"line":32,"column":2},"end":{"line":34,"column":3}},"type":"if","locations":[{"start":{"line":32,"column":2},"end":{"line":34,"column":3}},{"start":{},"end":{}}],"line":32},"11":{"loc":{"start":{"line":32,"column":6},"end":{"line":32,"column":70}},"type":"binary-expr","locations":[{"start":{"line":32,"column":6},"end":{"line":32,"column":35}},{"start":{"line":32,"column":39},"end":{"line":32,"column":70}}],"line":32}},"s":{"0":1,"1":1,"2":4,"3":0,"4":4,"5":4,"6":1,"7":3,"8":1,"9":2,"10":0,"11":2,"12":0,"13":2,"14":1,"15":1,"16":0,"17":1,"18":1},"f":{"0":4},"b":{"0":[0,4],"1":[1,3],"2":[4,4,4,4],"3":[1,2],"4":[3,3,3,3],"5":[0,2],"6":[2,2],"7":[0,2],"8":[2,2],"9":[1,1],"10":[0,1],"11":[1,1]},"_coverageSchema":"1a1c01bbd47fc00a2c39e90264f33305004495a9","hash":"353182699a42a1ede7d2e5cb2ac1cac3a791a0f0"}
}
