TN:
SF:utils\validateGadget.js
FN:3,(anonymous_0)
FNF:1
FNH:1
FNDA:4,(anonymous_0)
DA:1,1
DA:3,1
DA:4,4
DA:5,0
DA:8,4
DA:10,4
DA:11,1
DA:14,3
DA:20,1
DA:23,2
DA:24,0
DA:26,2
DA:27,0
DA:29,2
DA:30,1
DA:32,1
DA:33,0
DA:36,1
DA:39,1
LF:19
LH:15
BRDA:4,0,0,0
BRDA:4,0,1,4
BRDA:10,1,0,1
BRDA:10,1,1,3
BRDA:10,2,0,4
BRDA:10,2,1,4
BRDA:10,2,2,4
BRDA:10,2,3,4
BRDA:14,3,0,1
BRDA:14,3,1,2
BRDA:15,4,0,3
BRDA:15,4,1,3
BRDA:15,4,2,3
BRDA:15,4,3,3
BRDA:23,5,0,0
BRDA:23,5,1,2
BRDA:23,6,0,2
BRDA:23,6,1,2
BRDA:26,7,0,0
BRDA:26,7,1,2
BRDA:26,8,0,2
BRDA:26,8,1,2
BRDA:29,9,0,1
BRDA:29,9,1,1
BRDA:32,10,0,0
BRDA:32,10,1,1
BRDA:32,11,0,1
BRDA:32,11,1,1
BRF:28
BRH:24
end_of_record
